{"/Users/haeunkim/Desktop/unit-testing/unit-test-by-js/src/basic/test/mock/product/product_service.js": {"path":"/Users/haeunkim/Desktop/unit-testing/unit-test-by-js/src/basic/test/mock/product/product_service.js","all":false,"statementMap":{"0":{"start":{"line":1,"column":0},"end":{"line":1,"column":22}},"1":{"start":{"line":2,"column":0},"end":{"line":2,"column":30}},"2":{"start":{"line":3,"column":0},"end":{"line":3,"column":39}},"3":{"start":{"line":4,"column":0},"end":{"line":4,"column":3}},"4":{"start":{"line":5,"column":0},"end":{"line":5,"column":0}},"5":{"start":{"line":6,"column":0},"end":{"line":6,"column":25}},"6":{"start":{"line":7,"column":0},"end":{"line":7,"column":29}},"7":{"start":{"line":8,"column":0},"end":{"line":8,"column":19}},"8":{"start":{"line":9,"column":0},"end":{"line":9,"column":63}},"9":{"start":{"line":10,"column":0},"end":{"line":10,"column":3}},"10":{"start":{"line":11,"column":0},"end":{"line":11,"column":1}},"11":{"start":{"line":12,"column":0},"end":{"line":12,"column":0}},"12":{"start":{"line":13,"column":0},"end":{"line":13,"column":32}}},"s":{"0":1,"1":1,"2":1,"3":1,"4":1,"5":1,"6":1,"7":1,"8":1,"9":1,"10":1,"11":1,"12":1},"branchMap":{"0":{"type":"branch","line":2,"loc":{"start":{"line":2,"column":2},"end":{"line":4,"column":3}},"locations":[{"start":{"line":2,"column":2},"end":{"line":4,"column":3}}]},"1":{"type":"branch","line":6,"loc":{"start":{"line":6,"column":2},"end":{"line":10,"column":3}},"locations":[{"start":{"line":6,"column":2},"end":{"line":10,"column":3}}]},"2":{"type":"branch","line":9,"loc":{"start":{"line":9,"column":13},"end":{"line":9,"column":28}},"locations":[{"start":{"line":9,"column":13},"end":{"line":9,"column":28}}]},"3":{"type":"branch","line":9,"loc":{"start":{"line":9,"column":37},"end":{"line":9,"column":63}},"locations":[{"start":{"line":9,"column":37},"end":{"line":9,"column":63}}]}},"b":{"0":[1],"1":[1],"2":[1],"3":[2]},"fnMap":{"0":{"name":"ProductService","decl":{"start":{"line":2,"column":2},"end":{"line":4,"column":3}},"loc":{"start":{"line":2,"column":2},"end":{"line":4,"column":3}},"line":2},"1":{"name":"fetchAvailableItems","decl":{"start":{"line":6,"column":2},"end":{"line":10,"column":3}},"loc":{"start":{"line":6,"column":2},"end":{"line":10,"column":3}},"line":6}},"f":{"0":1,"1":1}}
,"/Users/haeunkim/Desktop/unit-testing/unit-test-by-js/src/basic/test/mock/product/product_service_no_di.js": {"path":"/Users/haeunkim/Desktop/unit-testing/unit-test-by-js/src/basic/test/mock/product/product_service_no_di.js","all":false,"statementMap":{"0":{"start":{"line":1,"column":0},"end":{"line":1,"column":50}},"1":{"start":{"line":2,"column":0},"end":{"line":2,"column":0}},"2":{"start":{"line":3,"column":0},"end":{"line":3,"column":22}},"3":{"start":{"line":4,"column":0},"end":{"line":4,"column":17}},"4":{"start":{"line":5,"column":0},"end":{"line":5,"column":45}},"5":{"start":{"line":6,"column":0},"end":{"line":6,"column":3}},"6":{"start":{"line":7,"column":0},"end":{"line":7,"column":0}},"7":{"start":{"line":8,"column":0},"end":{"line":8,"column":25}},"8":{"start":{"line":9,"column":0},"end":{"line":9,"column":29}},"9":{"start":{"line":10,"column":0},"end":{"line":10,"column":19}},"10":{"start":{"line":11,"column":0},"end":{"line":11,"column":63}},"11":{"start":{"line":12,"column":0},"end":{"line":12,"column":3}},"12":{"start":{"line":13,"column":0},"end":{"line":13,"column":1}},"13":{"start":{"line":14,"column":0},"end":{"line":14,"column":0}},"14":{"start":{"line":15,"column":0},"end":{"line":15,"column":32}}},"s":{"0":1,"1":1,"2":1,"3":1,"4":1,"5":1,"6":1,"7":1,"8":1,"9":1,"10":1,"11":1,"12":1,"13":1,"14":1},"branchMap":{"0":{"type":"branch","line":4,"loc":{"start":{"line":4,"column":2},"end":{"line":6,"column":3}},"locations":[{"start":{"line":4,"column":2},"end":{"line":6,"column":3}}]},"1":{"type":"branch","line":8,"loc":{"start":{"line":8,"column":2},"end":{"line":12,"column":3}},"locations":[{"start":{"line":8,"column":2},"end":{"line":12,"column":3}}]},"2":{"type":"branch","line":11,"loc":{"start":{"line":11,"column":13},"end":{"line":11,"column":28}},"locations":[{"start":{"line":11,"column":13},"end":{"line":11,"column":28}}]},"3":{"type":"branch","line":11,"loc":{"start":{"line":11,"column":37},"end":{"line":11,"column":63}},"locations":[{"start":{"line":11,"column":37},"end":{"line":11,"column":63}}]}},"b":{"0":[1],"1":[1],"2":[1],"3":[2]},"fnMap":{"0":{"name":"ProductService","decl":{"start":{"line":4,"column":2},"end":{"line":6,"column":3}},"loc":{"start":{"line":4,"column":2},"end":{"line":6,"column":3}},"line":4},"1":{"name":"fetchAvailableItems","decl":{"start":{"line":8,"column":2},"end":{"line":12,"column":3}},"loc":{"start":{"line":8,"column":2},"end":{"line":12,"column":3}},"line":8}},"f":{"0":1,"1":1}}
,"/Users/haeunkim/Desktop/unit-testing/unit-test-by-js/src/basic/test/mock/product/test/stub_product_client.js": {"path":"/Users/haeunkim/Desktop/unit-testing/unit-test-by-js/src/basic/test/mock/product/test/stub_product_client.js","all":false,"statementMap":{"0":{"start":{"line":1,"column":0},"end":{"line":1,"column":25}},"1":{"start":{"line":2,"column":0},"end":{"line":2,"column":22}},"2":{"start":{"line":3,"column":0},"end":{"line":3,"column":12}},"3":{"start":{"line":4,"column":0},"end":{"line":4,"column":40}},"4":{"start":{"line":5,"column":0},"end":{"line":5,"column":43}},"5":{"start":{"line":6,"column":0},"end":{"line":6,"column":6}},"6":{"start":{"line":7,"column":0},"end":{"line":7,"column":3}},"7":{"start":{"line":8,"column":0},"end":{"line":8,"column":1}},"8":{"start":{"line":9,"column":0},"end":{"line":9,"column":0}},"9":{"start":{"line":10,"column":0},"end":{"line":10,"column":35}}},"s":{"0":1,"1":1,"2":1,"3":1,"4":1,"5":1,"6":1,"7":1,"8":1,"9":1},"branchMap":{"0":{"type":"branch","line":2,"loc":{"start":{"line":2,"column":18},"end":{"line":7,"column":3}},"locations":[{"start":{"line":2,"column":18},"end":{"line":7,"column":3}}]}},"b":{"0":[1]},"fnMap":{"0":{"name":"fetchItems","decl":{"start":{"line":2,"column":18},"end":{"line":7,"column":3}},"loc":{"start":{"line":2,"column":18},"end":{"line":7,"column":3}},"line":2}},"f":{"0":1}}
}
