TN:
SF:src/basic/test/mock/product/product_service.js
FN:2,ProductService
FN:6,fetchAvailableItems
FNF:2
FNH:2
FNDA:1,ProductService
FNDA:1,fetchAvailableItems
DA:1,1
DA:2,1
DA:3,1
DA:4,1
DA:5,1
DA:6,1
DA:7,1
DA:8,1
DA:9,1
DA:10,1
DA:11,1
DA:12,1
DA:13,1
LF:13
LH:13
BRDA:2,0,0,1
BRDA:6,1,0,1
BRDA:9,2,0,1
BRDA:9,3,0,2
BRF:4
BRH:4
end_of_record
TN:
SF:src/basic/test/mock/product/product_service_no_di.js
FN:4,ProductService
FN:8,fetchAvailableItems
FNF:2
FNH:2
FNDA:1,ProductService
FNDA:1,fetchAvailableItems
DA:1,1
DA:2,1
DA:3,1
DA:4,1
DA:5,1
DA:6,1
DA:7,1
DA:8,1
DA:9,1
DA:10,1
DA:11,1
DA:12,1
DA:13,1
DA:14,1
DA:15,1
LF:15
LH:15
BRDA:4,0,0,1
BRDA:8,1,0,1
BRDA:11,2,0,1
BRDA:11,3,0,2
BRF:4
BRH:4
end_of_record
TN:
SF:src/basic/test/mock/product/test/stub_product_client.js
FN:2,fetchItems
FNF:1
FNH:1
FNDA:1,fetchItems
DA:1,1
DA:2,1
DA:3,1
DA:4,1
DA:5,1
DA:6,1
DA:7,1
DA:8,1
DA:9,1
DA:10,1
LF:10
LH:10
BRDA:2,0,0,1
BRF:1
BRH:1
end_of_record
